0 info it worked if it ends with ok
1 verbose cli [ '/usr/bin/nodejs',
1 verbose cli   '/usr/bin/npm',
1 verbose cli   'install',
1 verbose cli   '--save',
1 verbose cli   'angular-chart.js' ]
2 info using npm@3.8.6
3 info using node@v5.11.1
4 silly loadCurrentTree Starting
5 silly install loadCurrentTree
6 silly install readLocalPackageData
7 silly fetchPackageMetaData angular-chart.js
8 silly fetchOtherPackageData angular-chart.js
9 silly cache add args [ 'angular-chart.js', null ]
10 verbose cache add spec angular-chart.js
11 silly cache add parsed spec Result {
11 silly cache add   raw: 'angular-chart.js',
11 silly cache add   scope: null,
11 silly cache add   name: null,
11 silly cache add   rawSpec: 'angular-chart.js',
11 silly cache add   spec: '/home/karan/Learn/wiki/d3js_experiment/resource/angular-chart.js-master/angular-chart.js',
11 silly cache add   type: 'local' }
12 silly addLocalTarball shasum (computed) 887a86223ca9ea88e55e203636553f0695bd79f9
13 verbose addTmpTarball /home/karan/Learn/wiki/d3js_experiment/resource/angular-chart.js-master/angular-chart.js not in flight; adding
14 verbose correctMkdir /home/karan/.npm correctMkdir not in flight; initializing
15 verbose addTmpTarball validating metadata from /home/karan/Learn/wiki/d3js_experiment/resource/angular-chart.js-master/angular-chart.js
16 verbose tar unpack /home/karan/Learn/wiki/d3js_experiment/resource/angular-chart.js-master/angular-chart.js
17 verbose tar unpacking to /tmp/npm-12764-af62cedf/unpack-29cd81e3
18 silly gentlyRm /tmp/npm-12764-af62cedf/unpack-29cd81e3 is being purged
19 verbose gentlyRm don't care about contents; nuking /tmp/npm-12764-af62cedf/unpack-29cd81e3
20 silly gunzTarPerm modes [ '755', '644' ]
21 error not a package /home/karan/Learn/wiki/d3js_experiment/resource/angular-chart.js-master/angular-chart.js
22 error addLocal Could not install /home/karan/Learn/wiki/d3js_experiment/resource/angular-chart.js-master/angular-chart.js
23 silly fetchPackageMetaData Error: ENOENT: no such file or directory, open '/tmp/npm-12764-af62cedf/unpack-29cd81e3/package.json'
23 silly fetchPackageMetaData     at Error (native)
23 silly fetchPackageMetaData  error for angular-chart.js { [Error: ENOENT: no such file or directory, open '/tmp/npm-12764-af62cedf/unpack-29cd81e3/package.json']
23 silly fetchPackageMetaData   errno: -2,
23 silly fetchPackageMetaData   code: 'ENOENT',
23 silly fetchPackageMetaData   syscall: 'open',
23 silly fetchPackageMetaData   path: '/tmp/npm-12764-af62cedf/unpack-29cd81e3/package.json' }
24 silly rollbackFailedOptional Starting
25 silly rollbackFailedOptional Finishing
26 silly runTopLevelLifecycles Starting
27 silly runTopLevelLifecycles Finishing
28 silly install printInstalled
29 verbose stack Error: ENOENT: no such file or directory, open '/tmp/npm-12764-af62cedf/unpack-29cd81e3/package.json'
29 verbose stack     at Error (native)
30 verbose cwd /home/karan/Learn/wiki/d3js_experiment/resource/angular-chart.js-master
31 error Linux 3.16.0-4-amd64
32 error argv "/usr/bin/nodejs" "/usr/bin/npm" "install" "--save" "angular-chart.js"
33 error node v5.11.1
34 error npm  v3.8.6
35 error path /tmp/npm-12764-af62cedf/unpack-29cd81e3/package.json
36 error code ENOENT
37 error errno -2
38 error syscall open
39 error enoent ENOENT: no such file or directory, open '/tmp/npm-12764-af62cedf/unpack-29cd81e3/package.json'
40 error enoent ENOENT: no such file or directory, open '/tmp/npm-12764-af62cedf/unpack-29cd81e3/package.json'
40 error enoent This is most likely not a problem with npm itself
40 error enoent and is related to npm not being able to find a file.
41 verbose exit [ -2, true ]
